# JRE version: OpenJDK Runtime Environment (21.0.3) (build 21.0.3+-12282718-b509.11)
# Java VM: OpenJDK 64-Bit Server VM (21.0.3+-12282718-b509.11, mixed mode, tiered, compressed oops, compressed class ptrs, g1 gc, windows-amd64)
GC Precious Log:
 CardTable entry size: 512
 Card Set container configuration: InlinePtr #cards 5 size 8 Array Of Cards #cards 12 size 40 Howl #buckets 4 coarsen threshold 1843 Howl Bitmap #cards 512 size 80 coarsen threshold 460 Card regions per heap region 1 cards per card region 2048
 CPUs: 4 total, 4 available
 Memory: 8058M
 Large Page Support: Disabled
 NUMA Support: Disabled
 Compressed Oops: Enabled (32-bit)
 Heap Region Size: 1M
 Heap Min Capacity: 8M
 Heap Initial Capacity: 126M
 Heap Max Capacity: 2G
 Pre-touch: Disabled
 Parallel Workers: 4
 Concurrent Workers: 1
 Concurrent Refinement Workers: 4
 Periodic GC: Disabled
Heap:
 garbage-first heap   total 313344K, used 201728K [0x0000000080000000, 0x0000000100000000)
  region size 1024K, 23 young (23552K), 4 survivors (4096K)
 Metaspace       used 147869K, committed 150208K, reserved 1179648K
  class space    used 19819K, committed 20992K, reserved 1048576K
GC Heap History (20 events):
Event: 39.617 GC heap before
{Heap before GC invocations=43 (full 0):
 garbage-first heap   total 235520K, used 176770K [0x0000000080000000, 0x0000000100000000)
  region size 1024K, 51 young (52224K), 6 survivors (6144K)
 Metaspace       used 117056K, committed 119232K, reserved 1179648K
  class space    used 15683K, committed 16768K, reserved 1048576K
}
Event: 39.646 GC heap after
{Heap after GC invocations=44 (full 0):
 garbage-first heap   total 235520K, used 141312K [0x0000000080000000, 0x0000000100000000)
  region size 1024K, 8 young (8192K), 8 survivors (8192K)
 Metaspace       used 117056K, committed 119232K, reserved 1179648K
  class space    used 15683K, committed 16768K, reserved 1048576K
}
Event: 41.434 GC heap before
{Heap before GC invocations=45 (full 0):
 garbage-first heap   total 239616K, used 204800K [0x0000000080000000, 0x0000000100000000)
  region size 1024K, 75 young (76800K), 8 survivors (8192K)
 Metaspace       used 123856K, committed 125952K, reserved 1179648K
  class space    used 16529K, committed 17600K, reserved 1048576K
}
Event: 41.470 GC heap after
{Heap after GC invocations=46 (full 0):
 garbage-first heap   total 239616K, used 147456K [0x0000000080000000, 0x0000000100000000)
  region size 1024K, 10 young (10240K), 10 survivors (10240K)
 Metaspace       used 123856K, committed 125952K, reserved 1179648K
  class space    used 16529K, committed 17600K, reserved 1048576K
}
Event: 43.221 GC heap before
{Heap before GC invocations=46 (full 0):
 garbage-first heap   total 239616K, used 212992K [0x0000000080000000, 0x0000000100000000)
  region size 1024K, 73 young (74752K), 10 survivors (10240K)
 Metaspace       used 128368K, committed 130560K, reserved 1179648K
  class space    used 17138K, committed 18240K, reserved 1048576K
}
Event: 43.249 GC heap after
{Heap after GC invocations=47 (full 0):
 garbage-first heap   total 239616K, used 132068K [0x0000000080000000, 0x0000000100000000)
  region size 1024K, 5 young (5120K), 5 survivors (5120K)
 Metaspace       used 128368K, committed 130560K, reserved 1179648K
  class space    used 17138K, committed 18240K, reserved 1048576K
}
Event: 44.517 GC heap before
{Heap before GC invocations=47 (full 0):
 garbage-first heap   total 239616K, used 209892K [0x0000000080000000, 0x0000000100000000)
  region size 1024K, 82 young (83968K), 5 survivors (5120K)
 Metaspace       used 137357K, committed 139584K, reserved 1179648K
  class space    used 18517K, committed 19648K, reserved 1048576K
}
Event: 44.541 GC heap after
{Heap after GC invocations=48 (full 0):
 garbage-first heap   total 239616K, used 138713K [0x0000000080000000, 0x0000000100000000)
  region size 1024K, 11 young (11264K), 11 survivors (11264K)
 Metaspace       used 137357K, committed 139584K, reserved 1179648K
  class space    used 18517K, committed 19648K, reserved 1048576K
}
Event: 46.766 GC heap before
{Heap before GC invocations=49 (full 0):
 garbage-first heap   total 244736K, used 212441K [0x0000000080000000, 0x0000000100000000)
  region size 1024K, 84 young (86016K), 11 survivors (11264K)
 Metaspace       used 141418K, committed 143680K, reserved 1179648K
  class space    used 19019K, committed 20160K, reserved 1048576K
}
Event: 46.787 GC heap after
{Heap after GC invocations=50 (full 0):
 garbage-first heap   total 244736K, used 138511K [0x0000000080000000, 0x0000000100000000)
  region size 1024K, 3 young (3072K), 3 survivors (3072K)
 Metaspace       used 141418K, committed 143680K, reserved 1179648K
  class space    used 19019K, committed 20160K, reserved 1048576K
}
Event: 49.958 GC heap before
{Heap before GC invocations=50 (full 0):
 garbage-first heap   total 244736K, used 234767K [0x0000000080000000, 0x0000000100000000)
  region size 1024K, 83 young (84992K), 3 survivors (3072K)
 Metaspace       used 147004K, committed 149184K, reserved 1179648K
  class space    used 19830K, committed 20928K, reserved 1048576K
}
Event: 50.002 GC heap after
{Heap after GC invocations=51 (full 0):
 garbage-first heap   total 244736K, used 134498K [0x0000000080000000, 0x0000000100000000)
  region size 1024K, 3 young (3072K), 3 survivors (3072K)
 Metaspace       used 147004K, committed 149184K, reserved 1179648K
  class space    used 19830K, committed 20928K, reserved 1048576K
}
Event: 131.433 GC heap before
{Heap before GC invocations=51 (full 0):
 garbage-first heap   total 244736K, used 186722K [0x0000000080000000, 0x0000000100000000)
  region size 1024K, 56 young (57344K), 3 survivors (3072K)
 Metaspace       used 147607K, committed 149888K, reserved 1179648K
  class space    used 19841K, committed 20992K, reserved 1048576K
}
Event: 131.459 GC heap after
{Heap after GC invocations=52 (full 0):
 garbage-first heap   total 244736K, used 141420K [0x0000000080000000, 0x0000000100000000)
  region size 1024K, 10 young (10240K), 10 survivors (10240K)
 Metaspace       used 147607K, committed 149888K, reserved 1179648K
  class space    used 19841K, committed 20992K, reserved 1048576K
}
Event: 135.689 GC heap before
{Heap before GC invocations=53 (full 0):
 garbage-first heap   total 288768K, used 232556K [0x0000000080000000, 0x0000000100000000)
  region size 1024K, 85 young (87040K), 10 survivors (10240K)
 Metaspace       used 147405K, committed 149824K, reserved 1179648K
  class space    used 19811K, committed 20992K, reserved 1048576K
}
Event: 135.720 GC heap after
{Heap after GC invocations=54 (full 0):
 garbage-first heap   total 288768K, used 144805K [0x0000000080000000, 0x0000000100000000)
  region size 1024K, 6 young (6144K), 6 survivors (6144K)
 Metaspace       used 147405K, committed 149824K, reserved 1179648K
  class space    used 19811K, committed 20992K, reserved 1048576K
}
Event: 170.049 GC heap before
{Heap before GC invocations=54 (full 0):
 garbage-first heap   total 288768K, used 280997K [0x0000000080000000, 0x0000000100000000)
  region size 1024K, 125 young (128000K), 6 survivors (6144K)
 Metaspace       used 147794K, committed 150080K, reserved 1179648K
  class space    used 19819K, committed 20992K, reserved 1048576K
}
Event: 170.133 GC heap after
{Heap after GC invocations=55 (full 0):
 garbage-first heap   total 313344K, used 163840K [0x0000000080000000, 0x0000000100000000)
  region size 1024K, 16 young (16384K), 16 survivors (16384K)
 Metaspace       used 147794K, committed 150080K, reserved 1179648K
  class space    used 19819K, committed 20992K, reserved 1048576K
}
Event: 170.170 GC heap before
{Heap before GC invocations=55 (full 0):
 garbage-first heap   total 313344K, used 166912K [0x0000000080000000, 0x0000000100000000)
  region size 1024K, 21 young (21504K), 16 survivors (16384K)
 Metaspace       used 147794K, committed 150080K, reserved 1179648K
  class space    used 19819K, committed 20992K, reserved 1048576K
}
Event: 170.221 GC heap after
{Heap after GC invocations=56 (full 0):
 garbage-first heap   total 313344K, used 168960K [0x0000000080000000, 0x0000000100000000)
  region size 1024K, 4 young (4096K), 4 survivors (4096K)
 Metaspace       used 147794K, committed 150080K, reserved 1179648K
  class space    used 19819K, committed 20992K, reserved 1048576K
}

